\BOOKMARK [1][-]{section.1}{Question 1}{}% 1
\BOOKMARK [1][-]{section.2}{Question 2}{}% 2
\BOOKMARK [1][-]{section.3}{Question 3}{}% 3
\BOOKMARK [2][-]{subsection.3.1}{Part a}{section.3}% 4
\BOOKMARK [2][-]{subsection.3.2}{Part b}{section.3}% 5
\BOOKMARK [1][-]{section.4}{Question 4}{}% 6
\BOOKMARK [2][-]{subsection.4.1}{Part a}{section.4}% 7
\BOOKMARK [2][-]{subsection.4.2}{Part b}{section.4}% 8
\BOOKMARK [2][-]{subsection.4.3}{Part c}{section.4}% 9
\BOOKMARK [1][-]{section.5}{Question 5}{}% 10
\BOOKMARK [1][-]{section.6}{Question 6}{}% 11
\BOOKMARK [2][-]{subsection.6.1}{Part a}{section.6}% 12
\BOOKMARK [2][-]{subsection.6.2}{b}{section.6}% 13
\BOOKMARK [2][-]{subsection.6.3}{c}{section.6}% 14
\BOOKMARK [1][-]{section.7}{Question 7}{}% 15
\BOOKMARK [2][-]{subsection.7.1}{a}{section.7}% 16
\BOOKMARK [2][-]{subsection.7.2}{Part b}{section.7}% 17
\BOOKMARK [2][-]{subsection.7.3}{Part c}{section.7}% 18
\BOOKMARK [1][-]{section.8}{Question 8}{}% 19
\BOOKMARK [1][-]{section.9}{Question 9}{}% 20
